configure-iphone: IPHONESDK is not specified, choosing iPhoneSimulator14.4.sdk
configure-iphone: CC is not specified, choosing /Applications/Xcode_12.4.app/Contents/Developer/Platforms/iPhoneSimulator.platform/Developer/../../../Toolchains/XcodeDefault.xctoolchain/usr/bin/clang
configure-iphone: CXX is not specified, using /Applications/Xcode_12.4.app/Contents/Developer/Platforms/iPhoneSimulator.platform/Developer/../../../Toolchains/XcodeDefault.xctoolchain/usr/bin/clang++
configure-iphone: calling ./aconfigure with env vars:
 MIN_IOS = -miphoneos-version-min=10.0
 CC = /Applications/Xcode_12.4.app/Contents/Developer/Platforms/iPhoneSimulator.platform/Developer/../../../Toolchains/XcodeDefault.xctoolchain/usr/bin/clang
 CXX = /Applications/Xcode_12.4.app/Contents/Developer/Platforms/iPhoneSimulator.platform/Developer/../../../Toolchains/XcodeDefault.xctoolchain/usr/bin/clang++
 SDKPATH = /Applications/Xcode_12.4.app/Contents/Developer/Platforms/iPhoneSimulator.platform/Developer/SDKs/iPhoneSimulator14.4.sdk
 CFLAGS = -O2 -m32 -mios-simulator-version-min=10.0 -fembed-bitcode -I/Users/runner/work/sip-builder/sip-builder/pjsip/external/ssl/include -miphoneos-version-min=10.0 -DPJ_SDK_NAME="\"iPhoneSimulator14.4.sdk\"" -arch x86_64 -isysroot /Applications/Xcode_12.4.app/Contents/Developer/Platforms/iPhoneSimulator.platform/Developer/SDKs/iPhoneSimulator14.4.sdk
 LDFLAGS = -O2 -m32 -mios-simulator-version-min=10.0 -Wl,-no_compact_unwind -L/Users/runner/work/sip-builder/sip-builder/pjsip/external/ssl/lib -lstdc++ -miphoneos-version-min=10.0 -arch x86_64 -isysroot /Applications/Xcode_12.4.app/Contents/Developer/Platforms/iPhoneSimulator.platform/Developer/SDKs/iPhoneSimulator14.4.sdk -framework AudioToolbox -framework Foundation
 AR = /Applications/Xcode_12.4.app/Contents/Developer/Platforms/iPhoneSimulator.platform/Developer/../../../Toolchains/XcodeDefault.xctoolchain/usr/bin/libtool -static -o
 RANLIB = echo ranlib
 ARCH = x86_64
checking build system type... x86_64-apple-darwin19.6.0
checking host system type... x86_64-apple-darwin_ios
checking target system type... x86_64-apple-darwin_ios
checking for x86_64-apple-darwin_ios-gcc... /Applications/Xcode_12.4.app/Contents/Developer/Platforms/iPhoneSimulator.platform/Developer/../../../Toolchains/XcodeDefault.xctoolchain/usr/bin/clang
checking whether the C compiler works... no
aconfigure: error: in `/Users/runner/work/sip-builder/sip-builder/pjsip/src':
aconfigure: error: C compiler cannot create executables
See `config.log' for more details
for dir in pjlib/build pjlib-util/build pjnath/build third_party/build pjmedia/build pjsip/build pjsip-apps/build ; do \
		if /Applications/Xcode_12.4.app/Contents/Developer/usr/bin/make  -C $dir dep; then \
		    true; \
		else \
		    exit 1; \
		fi; \
	done
for dir in pjlib/build pjlib-util/build pjnath/build third_party/build pjmedia/build pjsip/build pjsip-apps/build ; do \
		if /Applications/Xcode_12.4.app/Contents/Developer/usr/bin/make  -C $dir clean; then \
		    true; \
		else \
		    exit 1; \
		fi; \
	done
/Applications/Xcode_12.4.app/Contents/Developer/usr/bin/make -f /Users/runner/work/sip-builder/sip-builder/pjsip/src/build/rules.mak APP=PJLIB app=pjlib depend
.pjlib-arm64-apple-darwin_ios.depend:2255: *** missing separator.  Stop.
make[1]: *** [depend] Error 2
make: *** [dep] Error 1
for dir in pjlib/build pjlib-util/build pjnath/build third_party/build pjmedia/build pjsip/build pjsip-apps/build ; do \
		if /Applications/Xcode_12.4.app/Contents/Developer/usr/bin/make  -C $dir all; then \
		    true; \
		else \
		    exit 1; \
		fi; \
	done
/Applications/Xcode_12.4.app/Contents/Developer/usr/bin/make -f /Users/runner/work/sip-builder/sip-builder/pjsip/src/build/rules.mak APP=PJLIB app=pjlib clean
rm -rf output/pjlib-arm64-apple-darwin_ios/*
/Applications/Xcode_12.4.app/Contents/Developer/usr/bin/make -f /Users/runner/work/sip-builder/sip-builder/pjsip/src/build/rules.mak APP=PJLIB app=pjlib ../lib/libpj-arm64-apple-darwin_ios.a
rm -rf output/pjlib-arm64-apple-darwin_ios
.pjlib-arm64-apple-darwin_ios.depend:2307: *** missing separator.  Stop.
make[1]: *** [libpj-arm64-apple-darwin_ios.a] Error 2
make: *** [all] Error 1
/Applications/Xcode_12.4.app/Contents/Developer/usr/bin/make -f /Users/runner/work/sip-builder/sip-builder/pjsip/src/build/rules.mak APP=TEST app=pjlib-test clean
rm -rf output/pjlib-test-arm64-apple-darwin_ios/*
rm -rf output/pjlib-test-arm64-apple-darwin_ios
/Applications/Xcode_12.4.app/Contents/Developer/usr/bin/make -f /Users/runner/work/sip-builder/sip-builder/pjsip/src/build/rules.mak APP=PJLIB_UTIL app=pjlib-util clean
rm -rf output/pjlib-util-arm64-apple-darwin_ios/*
rm -rf output/pjlib-util-arm64-apple-darwin_ios
/Applications/Xcode_12.4.app/Contents/Developer/usr/bin/make -f /Users/runner/work/sip-builder/sip-builder/pjsip/src/build/rules.mak APP=UTIL_TEST app=pjlib-util-test clean
rm -rf output/pjlib-util-test-arm64-apple-darwin_ios/*
rm -rf output/pjlib-util-test-arm64-apple-darwin_ios
/Applications/Xcode_12.4.app/Contents/Developer/usr/bin/make -f /Users/runner/work/sip-builder/sip-builder/pjsip/src/build/rules.mak APP=PJNATH app=pjnath clean
rm -rf output/pjnath-arm64-apple-darwin_ios/*
rm -rf output/pjnath-arm64-apple-darwin_ios
/Applications/Xcode_12.4.app/Contents/Developer/usr/bin/make -f /Users/runner/work/sip-builder/sip-builder/pjsip/src/build/rules.mak APP=PJNATH_TEST app=pjnath-test clean
rm -rf output/pjnath-test-arm64-apple-darwin_ios/*
rm -rf output/pjnath-test-arm64-apple-darwin_ios
/Applications/Xcode_12.4.app/Contents/Developer/usr/bin/make -f /Users/runner/work/sip-builder/sip-builder/pjsip/src/build/rules.mak APP=PJTURN_CLIENT app=pjturn-client clean
rm -rf output/pjturn-client-arm64-apple-darwin_ios/*
rm -rf output/pjturn-client-arm64-apple-darwin_ios
/Applications/Xcode_12.4.app/Contents/Developer/usr/bin/make -f /Users/runner/work/sip-builder/sip-builder/pjsip/src/build/rules.mak APP=PJTURN_SRV app=pjturn-srv clean
rm -rf output/pjturn-srv-arm64-apple-darwin_ios/*
rm -rf output/pjturn-srv-arm64-apple-darwin_ios
for dir in  gsm ilbc speex g7221 srtp resample yuv webrtc; do \
		if /Applications/Xcode_12.4.app/Contents/Developer/usr/bin/make  -C $dir clean; then \
		    true; \
		else \
		    exit 1; \
		fi; \
	done
/Applications/Xcode_12.4.app/Contents/Developer/usr/bin/make -f /Users/runner/work/sip-builder/sip-builder/pjsip/src/build/rules.mak APP=GSM_CODEC app=libgsmcodec clean
rm -rf output/libgsmcodec-arm64-apple-darwin_ios/*
rm -rf output/libgsmcodec-arm64-apple-darwin_ios
/Applications/Xcode_12.4.app/Contents/Developer/usr/bin/make -f /Users/runner/work/sip-builder/sip-builder/pjsip/src/build/rules.mak APP=ILBC app=libilbccodec clean
rm -rf output/libilbccodec-arm64-apple-darwin_ios/*
rm -rf output/libilbccodec-arm64-apple-darwin_ios
/Applications/Xcode_12.4.app/Contents/Developer/usr/bin/make -f /Users/runner/work/sip-builder/sip-builder/pjsip/src/build/rules.mak APP=SPEEX app=libspeex clean
rm -rf output/libspeex-arm64-apple-darwin_ios/*
rm -rf output/libspeex-arm64-apple-darwin_ios
/Applications/Xcode_12.4.app/Contents/Developer/usr/bin/make -f /Users/runner/work/sip-builder/sip-builder/pjsip/src/build/rules.mak APP=G7221_CODEC app=libg7221codec clean
rm -rf output/libg7221codec-arm64-apple-darwin_ios/*
rm -rf output/libg7221codec-arm64-apple-darwin_ios
/Applications/Xcode_12.4.app/Contents/Developer/usr/bin/make -f /Users/runner/work/sip-builder/sip-builder/pjsip/src/build/rules.mak APP=SRTP app=libsrtp clean
rm -rf output/libsrtp-arm64-apple-darwin_ios/*
rm -rf output/libsrtp-arm64-apple-darwin_ios
/Applications/Xcode_12.4.app/Contents/Developer/usr/bin/make -f /Users/runner/work/sip-builder/sip-builder/pjsip/src/build/rules.mak APP=RESAMPLE app=libresample clean
rm -rf output/libresample-arm64-apple-darwin_ios/*
rm -rf output/libresample-arm64-apple-darwin_ios
/Applications/Xcode_12.4.app/Contents/Developer/usr/bin/make -f /Users/runner/work/sip-builder/sip-builder/pjsip/src/build/rules.mak APP=YUV app=libyuv clean
